<?xml version="1.0" encoding="UTF-8"?>
<!-- Generated by org.testng.reporters.JUnitXMLReporter -->
<testsuite ignored="0" hostname="EC2AMAZ-S11DBRH" failures="0" tests="4" name="Default test" time="0.064" errors="0" timestamp="2023-07-18T06:47:40 GMT">
  <testcase classname="testScripts.SampleFourTest" name="testFour" time="0.009"/>
  <testcase classname="testScripts.SampleFourTest" name="testOne" time="0.003"/>
  <testcase classname="testScripts.SampleFourTest" name="testThree" time="0.001"/>
  <testcase classname="testScripts.SampleFourTest" name="testTwo" time="0.002"/>
</testsuite> <!-- Default test -->
