<?xml version="1.0" encoding="UTF-8"?>
<!-- Generated by org.testng.reporters.JUnitXMLReporter -->
<testsuite ignored="0" hostname="EC2AMAZ-S11DBRH" failures="0" tests="4" name="ModuleTwoTest" time="0.08" errors="0" timestamp="2023-07-18T07:50:50 GMT">
  <testcase classname="parallelScripts.SampleThreeTest" name="testFour" time="0.012"/>
  <testcase classname="parallelScripts.SampleThreeTest" name="testOne" time="0.005"/>
  <testcase classname="parallelScripts.SampleThreeTest" name="testThree" time="0.002"/>
  <testcase classname="parallelScripts.SampleThreeTest" name="testTwo" time="0.003"/>
</testsuite> <!-- ModuleTwoTest -->
