<?xml version="1.0" encoding="UTF-8"?>
<!-- Generated by org.testng.reporters.JUnitXMLReporter -->
<testsuite ignored="2" hostname="EC2AMAZ-S11DBRH" failures="0" tests="6" name="testng" time="0.076" errors="0" timestamp="2023-07-18T07:05:43 GMT">
  <testcase classname="testScripts.SampleTestThree" name="testFour" time="0.01"/>
  <testcase classname="testScripts.SampleTestThree" name="testOne" time="0.002"/>
  <testcase classname="testScripts.SampleTestThree" name="testThree" time="0.002"/>
  <testcase classname="testScripts.SampleFourTest" name="testFour" time="0.002"/>
  <testcase classname="testScripts.SampleFourTest" name="testOne" time="0.002"/>
  <testcase classname="testScripts.SampleFourTest" name="testThree" time="0.002"/>
  <testcase classname="testScripts.SampleFourTest" name="testTwo" time="0.0">
    <ignored/>
  </testcase> <!-- testTwo -->
  <testcase classname="testScripts.SampleTestThree" name="testTwo" time="0.0">
    <ignored/>
  </testcase> <!-- testTwo -->
</testsuite> <!-- testng -->
