<?xml version="1.0" encoding="UTF-8"?>
<testng-results ignored="2" total="8" passed="6" failed="0" skipped="0">
  <reporter-output>
  </reporter-output>
  <suite started-at="2023-07-18T07:05:43 GMT" name="Suite" finished-at="2023-07-18T07:05:43 GMT" duration-ms="76">
    <groups>
      <group name="featureOne">
        <method signature="SampleFourTest.testOne()[pri:0, instance:testScripts.SampleFourTest@7133da86]" name="testOne" class="testScripts.SampleFourTest"/>
        <method signature="SampleTestThree.testOne()[pri:0, instance:testScripts.SampleTestThree@fba92d3]" name="testOne" class="testScripts.SampleTestThree"/>
      </group> <!-- featureOne -->
      <group name="featureThree">
        <method signature="SampleFourTest.testThree()[pri:0, instance:testScripts.SampleFourTest@7133da86]" name="testThree" class="testScripts.SampleFourTest"/>
        <method signature="SampleTestThree.testThree()[pri:0, instance:testScripts.SampleTestThree@fba92d3]" name="testThree" class="testScripts.SampleTestThree"/>
      </group> <!-- featureThree -->
      <group name="featureFour">
        <method signature="SampleFourTest.testFour()[pri:0, instance:testScripts.SampleFourTest@7133da86]" name="testFour" class="testScripts.SampleFourTest"/>
        <method signature="SampleTestThree.testFour()[pri:0, instance:testScripts.SampleTestThree@fba92d3]" name="testFour" class="testScripts.SampleTestThree"/>
      </group> <!-- featureFour -->
    </groups>
    <test started-at="2023-07-18T07:05:43 GMT" name="testng" finished-at="2023-07-18T07:05:43 GMT" duration-ms="76">
      <class name="testScripts.SampleTestThree">
        <test-method signature="testFour()[pri:0, instance:testScripts.SampleTestThree@fba92d3]" started-at="2023-07-18T07:05:43 GMT" name="testFour" finished-at="2023-07-18T07:05:43 GMT" duration-ms="10" status="PASS">
          <reporter-output>
          </reporter-output>
        </test-method> <!-- testFour -->
        <test-method signature="testOne()[pri:0, instance:testScripts.SampleTestThree@fba92d3]" started-at="2023-07-18T07:05:43 GMT" name="testOne" finished-at="2023-07-18T07:05:43 GMT" duration-ms="2" status="PASS">
          <reporter-output>
          </reporter-output>
        </test-method> <!-- testOne -->
        <test-method signature="testThree()[pri:0, instance:testScripts.SampleTestThree@fba92d3]" started-at="2023-07-18T07:05:43 GMT" name="testThree" finished-at="2023-07-18T07:05:43 GMT" duration-ms="2" status="PASS">
          <reporter-output>
          </reporter-output>
        </test-method> <!-- testThree -->
      </class> <!-- testScripts.SampleTestThree -->
      <class name="testScripts.SampleFourTest">
        <test-method signature="testFour()[pri:0, instance:testScripts.SampleFourTest@7133da86]" started-at="2023-07-18T07:05:43 GMT" name="testFour" finished-at="2023-07-18T07:05:43 GMT" duration-ms="2" status="PASS">
          <reporter-output>
          </reporter-output>
        </test-method> <!-- testFour -->
        <test-method signature="testOne()[pri:0, instance:testScripts.SampleFourTest@7133da86]" started-at="2023-07-18T07:05:43 GMT" name="testOne" finished-at="2023-07-18T07:05:43 GMT" duration-ms="2" status="PASS">
          <reporter-output>
          </reporter-output>
        </test-method> <!-- testOne -->
        <test-method signature="testThree()[pri:0, instance:testScripts.SampleFourTest@7133da86]" started-at="2023-07-18T07:05:43 GMT" name="testThree" finished-at="2023-07-18T07:05:43 GMT" duration-ms="2" status="PASS">
          <reporter-output>
          </reporter-output>
        </test-method> <!-- testThree -->
      </class> <!-- testScripts.SampleFourTest -->
    </test> <!-- testng -->
  </suite> <!-- Suite -->
</testng-results>
